{
  "stats": {
    "suites": 1,
    "tests": 6,
    "passes": 6,
    "pending": 0,
    "failures": 0,
    "start": "2024-10-28T21:18:18.993Z",
    "end": "2024-10-28T21:19:31.222Z",
    "duration": 72229,
    "testsRegistered": 6,
    "passPercent": 100,
    "pendingPercent": 0,
    "other": 0,
    "hasOther": false,
    "skipped": 0,
    "hasSkipped": false
  },
  "results": [
    {
      "uuid": "7cc99028-d4cb-4cc4-9fe3-b80df8c17c7b",
      "title": "",
      "fullFile": "cypress/e2e/Lista1.cy.js",
      "file": "cypress/e2e/Lista1.cy.js",
      "beforeHooks": [],
      "afterHooks": [],
      "tests": [],
      "suites": [
        {
          "uuid": "03c22c2a-8076-4a29-a49f-13d368293b03",
          "title": "User Account Tests on Automation Exercise",
          "fullFile": "",
          "file": "",
          "beforeHooks": [],
          "afterHooks": [],
          "tests": [
            {
              "title": "Should register a new user successfully",
              "fullTitle": "User Account Tests on Automation Exercise Should register a new user successfully",
              "timedOut": null,
              "duration": 9878,
              "state": "passed",
              "speed": "medium",
              "pass": true,
              "fail": false,
              "pending": false,
              "context": null,
              "code": "user = createTestUser();\ncy.visit(\"https://automationexercise.com/\");\ncy.get(\"a[href='/login']\").click();\ncy.contains(\"New User Signup!\").should(\"be.visible\");\ncy.get(\"input[name='name']\").type(user.firstName);\ncy.get(\"input[data-qa='signup-email']\").type(user.email);\ncy.get(\"button[data-qa='signup-button']\").click();\ncy.get(\"input[name='password']\").type(user.password);\ncy.get(\"input[name='first_name']\").type(user.firstName);\ncy.get(\"input[name='last_name']\").type(user.lastName);\ncy.get(\"input[name='address1']\").type(\"123 Cypress Road\");\ncy.get(\"input[name='city']\").type(\"Automation City\");\ncy.get(\"input[name='state']\").type(\"Test State\");\ncy.get(\"input[name='zipcode']\").type(\"12345\");\ncy.get(\"input[name='mobile_number']\").type(\"1234567890\");\ncy.get(\"button[data-qa='create-account']\").click();\ncy.contains(\"Account Created!\").should(\"be.visible\");",
              "err": {},
              "uuid": "379d209f-e481-459a-a250-551a33e36e00",
              "parentUUID": "03c22c2a-8076-4a29-a49f-13d368293b03",
              "isHook": false,
              "skipped": false
            },
            {
              "title": "Should fail to log in with incorrect credentials",
              "fullTitle": "User Account Tests on Automation Exercise Should fail to log in with incorrect credentials",
              "timedOut": null,
              "duration": 6458,
              "state": "passed",
              "speed": "medium",
              "pass": true,
              "fail": false,
              "pending": false,
              "context": null,
              "code": "cy.visit(\"https://automationexercise.com/\");\ncy.get(\"a[href='/login']\").click();\ncy.get(\"input[data-qa='login-email']\").type(\"wrong_email@example.com\");\ncy.get(\"input[data-qa='login-password']\").type(\"wrong_password\");\ncy.get(\"button[data-qa='login-button']\").click();\ncy.contains(\"Your email or password is incorrect!\").should(\"be.visible\");",
              "err": {},
              "uuid": "3d55e648-e058-4999-9390-cd97a2028fff",
              "parentUUID": "03c22c2a-8076-4a29-a49f-13d368293b03",
              "isHook": false,
              "skipped": false
            },
            {
              "title": "Should log in successfully with valid credentials",
              "fullTitle": "User Account Tests on Automation Exercise Should log in successfully with valid credentials",
              "timedOut": null,
              "duration": 10937,
              "state": "passed",
              "speed": "slow",
              "pass": true,
              "fail": false,
              "pending": false,
              "context": null,
              "code": "cy.visit(\"https://automationexercise.com/\");\ncy.get(\"a[href='/login']\").click();\ncy.get(\"input[data-qa='login-email']\").type(user.email);\ncy.get(\"input[data-qa='login-password']\").type(user.password);\ncy.get(\"button[data-qa='login-button']\").click();\ncy.contains(\"Logout\").should(\"be.visible\");",
              "err": {},
              "uuid": "2c137906-bf96-4601-a02f-8ac01266e941",
              "parentUUID": "03c22c2a-8076-4a29-a49f-13d368293b03",
              "isHook": false,
              "skipped": false
            },
            {
              "title": "Should delete the account and verify deletion",
              "fullTitle": "User Account Tests on Automation Exercise Should delete the account and verify deletion",
              "timedOut": null,
              "duration": 19451,
              "state": "passed",
              "speed": "slow",
              "pass": true,
              "fail": false,
              "pending": false,
              "context": null,
              "code": "cy.visit(\"https://automationexercise.com/\");\ncy.get(\"a[href='/login']\").click();\ncy.get(\"input[data-qa='login-email']\").type(user.email);\ncy.get(\"input[data-qa='login-password']\").type(user.password);\ncy.get(\"button[data-qa='login-button']\").click();\ncy.contains(\"Delete Account\").should(\"be.visible\");\ncy.get(\".shop-menu > .nav > :nth-child(5) > a\").click();\ncy.contains(\"Your account has been permanently deleted!\").should(\"be.visible\");\ncy.get('[data-qa=\"continue-button\"]').click();\ncy.get(\"a[href='/login']\").click();\ncy.get(\"input[data-qa='login-email']\").type(user.email);\ncy.get(\"input[data-qa='login-password']\").type(user.password);\ncy.get(\"button[data-qa='login-button']\").click();\ncy.contains(\"Your email or password is incorrect!\").should(\"be.visible\");",
              "err": {},
              "uuid": "1db3a298-f084-45d8-84e7-775aa0536ad2",
              "parentUUID": "03c22c2a-8076-4a29-a49f-13d368293b03",
              "isHook": false,
              "skipped": false
            },
            {
              "title": "Should add an item to the cart",
              "fullTitle": "User Account Tests on Automation Exercise Should add an item to the cart",
              "timedOut": null,
              "duration": 6414,
              "state": "passed",
              "speed": "medium",
              "pass": true,
              "fail": false,
              "pending": false,
              "context": null,
              "code": "cy.visit(\"https://automationexercise.com/\");\ncy.get(\".features_items .col-sm-4\").first().find(\"a\").contains(\"Add to cart\").click();\ncy.contains(\"Your product has been added to cart.\").should(\"be.visible\");\ncy.get('.modal-footer > .btn').click();\ncy.contains(\"Your product has been added to cart.\").should(\"not.be.visible\");",
              "err": {},
              "uuid": "daa5d7bb-d2eb-49dc-ae8a-3e71042b04cc",
              "parentUUID": "03c22c2a-8076-4a29-a49f-13d368293b03",
              "isHook": false,
              "skipped": false
            },
            {
              "title": "Should navigate to the Contact Us page and submit the form",
              "fullTitle": "User Account Tests on Automation Exercise Should navigate to the Contact Us page and submit the form",
              "timedOut": null,
              "duration": 16984,
              "state": "passed",
              "speed": "slow",
              "pass": true,
              "fail": false,
              "pending": false,
              "context": null,
              "code": "cy.visit(\"https://automationexercise.com/\");\ncy.get(\"a[href='/contact_us']\").click();\ncy.contains(\"Get In Touch\").should(\"be.visible\");\ncy.get(\"input[name='name']\").type(\"John Doe\");\ncy.get(\"input[name='email']\").type(\"johndoe@example.com\");\ncy.get(\"input[name='subject']\").type(\"Inquiry\");\ncy.get(\"textarea[name='message']\").type(\"This is a test message.\");\ncy.get(\"input[data-qa='submit-button']\").click();\ncy.contains(\"Success! Your details have been submitted successfully.\").should(\"be.visible\");",
              "err": {},
              "uuid": "357be9a0-1c30-4b11-81f7-75ddf1186a26",
              "parentUUID": "03c22c2a-8076-4a29-a49f-13d368293b03",
              "isHook": false,
              "skipped": false
            }
          ],
          "suites": [],
          "passes": [
            "379d209f-e481-459a-a250-551a33e36e00",
            "3d55e648-e058-4999-9390-cd97a2028fff",
            "2c137906-bf96-4601-a02f-8ac01266e941",
            "1db3a298-f084-45d8-84e7-775aa0536ad2",
            "daa5d7bb-d2eb-49dc-ae8a-3e71042b04cc",
            "357be9a0-1c30-4b11-81f7-75ddf1186a26"
          ],
          "failures": [],
          "pending": [],
          "skipped": [],
          "duration": 70122,
          "root": false,
          "rootEmpty": false,
          "_timeout": 2000
        }
      ],
      "passes": [],
      "failures": [],
      "pending": [],
      "skipped": [],
      "duration": 0,
      "root": true,
      "rootEmpty": true,
      "_timeout": 2000
    }
  ],
  "meta": {
    "mocha": {
      "version": "7.0.1"
    },
    "mochawesome": {
      "options": {
        "quiet": false,
        "reportFilename": "mochawesome",
        "saveHtml": true,
        "saveJson": true,
        "consoleReporter": "spec",
        "useInlineDiffs": false,
        "code": true
      },
      "version": "7.1.3"
    },
    "marge": {
      "options": {
        "reportDir": "cypress/reports/mochawesome",
        "overwrite": false,
        "html": true,
        "json": true
      },
      "version": "6.2.0"
    }
  }
}