{
  "stats": {
    "suites": 1,
    "tests": 6,
    "passes": 6,
    "pending": 0,
    "failures": 0,
    "start": "2024-10-28T21:14:58.667Z",
    "end": "2024-10-28T21:15:59.027Z",
    "duration": 60360,
    "testsRegistered": 6,
    "passPercent": 100,
    "pendingPercent": 0,
    "other": 0,
    "hasOther": false,
    "skipped": 0,
    "hasSkipped": false
  },
  "results": [
    {
      "uuid": "9c27b621-1d0e-434a-91d3-6f9990bbfa27",
      "title": "",
      "fullFile": "cypress/e2e/ExemploAuls2.cy.js",
      "file": "cypress/e2e/ExemploAuls2.cy.js",
      "beforeHooks": [],
      "afterHooks": [],
      "tests": [],
      "suites": [
        {
          "uuid": "a47849c3-918d-498b-91a0-88e791fd164a",
          "title": "User Account Tests on Automation Exercise",
          "fullFile": "",
          "file": "",
          "beforeHooks": [],
          "afterHooks": [],
          "tests": [
            {
              "title": "Should register a new user successfully",
              "fullTitle": "User Account Tests on Automation Exercise Should register a new user successfully",
              "timedOut": null,
              "duration": 9943,
              "state": "passed",
              "speed": "medium",
              "pass": true,
              "fail": false,
              "pending": false,
              "context": null,
              "code": "user = createTestUser();\ncy.visit(\"https://automationexercise.com/\");\ncy.get(\"a[href='/login']\").click();\ncy.contains(\"New User Signup!\").should(\"be.visible\");\ncy.get(\"input[name='name']\").type(user.firstName);\ncy.get(\"input[data-qa='signup-email']\").type(user.email);\ncy.get(\"button[data-qa='signup-button']\").click();\ncy.get(\"input[name='password']\").type(user.password);\ncy.get(\"input[name='first_name']\").type(user.firstName);\ncy.get(\"input[name='last_name']\").type(user.lastName);\ncy.get(\"input[name='address1']\").type(\"123 Cypress Road\");\ncy.get(\"input[name='city']\").type(\"Automation City\");\ncy.get(\"input[name='state']\").type(\"Test State\");\ncy.get(\"input[name='zipcode']\").type(\"12345\");\ncy.get(\"input[name='mobile_number']\").type(\"1234567890\");\ncy.get(\"button[data-qa='create-account']\").click();\ncy.contains(\"Account Created!\").should(\"be.visible\");",
              "err": {},
              "uuid": "3efa8206-d97f-4a66-b2b8-6bc5ac04ccad",
              "parentUUID": "a47849c3-918d-498b-91a0-88e791fd164a",
              "isHook": false,
              "skipped": false
            },
            {
              "title": "Should fail to log in with incorrect credentials",
              "fullTitle": "User Account Tests on Automation Exercise Should fail to log in with incorrect credentials",
              "timedOut": null,
              "duration": 5435,
              "state": "passed",
              "speed": "medium",
              "pass": true,
              "fail": false,
              "pending": false,
              "context": null,
              "code": "cy.visit(\"https://automationexercise.com/\");\ncy.get(\"a[href='/login']\").click();\ncy.get(\"input[data-qa='login-email']\").type(\"wrong_email@example.com\");\ncy.get(\"input[data-qa='login-password']\").type(\"wrong_password\");\ncy.get(\"button[data-qa='login-button']\").click();\ncy.contains(\"Your email or password is incorrect!\").should(\"be.visible\");",
              "err": {},
              "uuid": "0ccd3878-7054-4264-9881-72afafadd0bc",
              "parentUUID": "a47849c3-918d-498b-91a0-88e791fd164a",
              "isHook": false,
              "skipped": false
            },
            {
              "title": "Should log in successfully with valid credentials",
              "fullTitle": "User Account Tests on Automation Exercise Should log in successfully with valid credentials",
              "timedOut": null,
              "duration": 8400,
              "state": "passed",
              "speed": "medium",
              "pass": true,
              "fail": false,
              "pending": false,
              "context": null,
              "code": "cy.visit(\"https://automationexercise.com/\");\ncy.get(\"a[href='/login']\").click();\ncy.get(\"input[data-qa='login-email']\").type(user.email);\ncy.get(\"input[data-qa='login-password']\").type(user.password);\ncy.get(\"button[data-qa='login-button']\").click();\ncy.contains(\"Logout\").should(\"be.visible\");",
              "err": {},
              "uuid": "1e427612-fd89-4492-88ab-94b2d42fd1b6",
              "parentUUID": "a47849c3-918d-498b-91a0-88e791fd164a",
              "isHook": false,
              "skipped": false
            },
            {
              "title": "Should delete the account and verify deletion",
              "fullTitle": "User Account Tests on Automation Exercise Should delete the account and verify deletion",
              "timedOut": null,
              "duration": 23251,
              "state": "passed",
              "speed": "slow",
              "pass": true,
              "fail": false,
              "pending": false,
              "context": null,
              "code": "cy.visit(\"https://automationexercise.com/\");\ncy.get(\"a[href='/login']\").click();\ncy.get(\"input[data-qa='login-email']\").type(user.email);\ncy.get(\"input[data-qa='login-password']\").type(user.password);\ncy.get(\"button[data-qa='login-button']\").click();\ncy.contains(\"Delete Account\").should(\"be.visible\");\ncy.get(\".shop-menu > .nav > :nth-child(5) > a\").click();\ncy.contains(\"Your account has been permanently deleted!\").should(\"be.visible\");\ncy.get('[data-qa=\"continue-button\"]').click();\ncy.get(\"a[href='/login']\").click();\ncy.get(\"input[data-qa='login-email']\").type(user.email);\ncy.get(\"input[data-qa='login-password']\").type(user.password);\ncy.get(\"button[data-qa='login-button']\").click();\ncy.contains(\"Your email or password is incorrect!\").should(\"be.visible\");",
              "err": {},
              "uuid": "d6c4e5ec-a9b8-48b6-89b2-80382c84e809",
              "parentUUID": "a47849c3-918d-498b-91a0-88e791fd164a",
              "isHook": false,
              "skipped": false
            },
            {
              "title": "Should add an item to the cart",
              "fullTitle": "User Account Tests on Automation Exercise Should add an item to the cart",
              "timedOut": null,
              "duration": 3788,
              "state": "passed",
              "speed": "fast",
              "pass": true,
              "fail": false,
              "pending": false,
              "context": null,
              "code": "cy.visit(\"https://automationexercise.com/\");\ncy.get(\".features_items .col-sm-4\").first().find(\"a\").contains(\"Add to cart\").click();\ncy.contains(\"Your product has been added to cart.\").should(\"be.visible\");\ncy.get('.modal-footer > .btn').click();\ncy.contains(\"Your product has been added to cart.\").should(\"not.be.visible\");",
              "err": {},
              "uuid": "f0ddcfa3-8659-4397-a250-fbac5ff82faf",
              "parentUUID": "a47849c3-918d-498b-91a0-88e791fd164a",
              "isHook": false,
              "skipped": false
            },
            {
              "title": "Should navigate to the Contact Us page and submit the form",
              "fullTitle": "User Account Tests on Automation Exercise Should navigate to the Contact Us page and submit the form",
              "timedOut": null,
              "duration": 6603,
              "state": "passed",
              "speed": "medium",
              "pass": true,
              "fail": false,
              "pending": false,
              "context": null,
              "code": "cy.visit(\"https://automationexercise.com/\");\ncy.get(\"a[href='/contact_us']\").click();\ncy.contains(\"Get In Touch\").should(\"be.visible\");\ncy.get(\"input[name='name']\").type(\"John Doe\");\ncy.get(\"input[name='email']\").type(\"johndoe@example.com\");\ncy.get(\"input[name='subject']\").type(\"Inquiry\");\ncy.get(\"textarea[name='message']\").type(\"This is a test message.\");\ncy.get(\"input[data-qa='submit-button']\").click();\ncy.contains(\"Success! Your details have been submitted successfully.\").should(\"be.visible\");",
              "err": {},
              "uuid": "596cd753-868b-4c23-8545-5045dac71dc9",
              "parentUUID": "a47849c3-918d-498b-91a0-88e791fd164a",
              "isHook": false,
              "skipped": false
            }
          ],
          "suites": [],
          "passes": [
            "3efa8206-d97f-4a66-b2b8-6bc5ac04ccad",
            "0ccd3878-7054-4264-9881-72afafadd0bc",
            "1e427612-fd89-4492-88ab-94b2d42fd1b6",
            "d6c4e5ec-a9b8-48b6-89b2-80382c84e809",
            "f0ddcfa3-8659-4397-a250-fbac5ff82faf",
            "596cd753-868b-4c23-8545-5045dac71dc9"
          ],
          "failures": [],
          "pending": [],
          "skipped": [],
          "duration": 57420,
          "root": false,
          "rootEmpty": false,
          "_timeout": 2000
        }
      ],
      "passes": [],
      "failures": [],
      "pending": [],
      "skipped": [],
      "duration": 0,
      "root": true,
      "rootEmpty": true,
      "_timeout": 2000
    }
  ],
  "meta": {
    "mocha": {
      "version": "7.0.1"
    },
    "mochawesome": {
      "options": {
        "quiet": false,
        "reportFilename": "mochawesome",
        "saveHtml": true,
        "saveJson": true,
        "consoleReporter": "spec",
        "useInlineDiffs": false,
        "code": true
      },
      "version": "7.1.3"
    },
    "marge": {
      "options": {
        "reportDir": "cypress/reports/mochawesome",
        "overwrite": false,
        "html": true,
        "json": true
      },
      "version": "6.2.0"
    }
  }
}